app listening at 3000
ERROR:    Error loading ASGI app. Could not import module "main".
app listening at 3000
app listening at 3000
events.js:291
      throw er; // Unhandled 'error' event
      ^

Error: listen EADDRINUSE: address already in use :::3000
    at Server.setupListenHandle [as _listen2] (net.js:1310:16)
    at listenInCluster (net.js:1358:12)
    at Server.listen (net.js:1444:7)
    at Object.<anonymous> (/home/ubuntu/datamite_front_final/server.js:25:24)
    at Module._compile (internal/modules/cjs/loader.js:999:30)
    at Object.Module._extensions..js (internal/modules/cjs/loader.js:1027:10)
    at Module.load (internal/modules/cjs/loader.js:863:32)
    at Function.Module._load (internal/modules/cjs/loader.js:708:14)
    at Function.executeUserEntryPoint [as runMain] (internal/modules/run_main.js:60:12)
    at internal/main/run_main_module.js:17:47
Emitted 'error' event on Server instance at:
    at emitErrorNT (net.js:1337:8)
    at processTicksAndRejections (internal/process/task_queues.js:84:21) {
  code: 'EADDRINUSE',
  errno: 'EADDRINUSE',
  syscall: 'listen',
  address: '::',
  port: 3000
}
